<?xml version="1.0"?>
<!DOCTYPE coverage SYSTEM "http://cobertura.sourceforge.net/xml/coverage-04.dtd">

<coverage line-rate="1.0" branch-rate="1.0" lines-covered="4" lines-valid="4" branches-covered="0" branches-valid="0" complexity="1.0" version="1.9.4.1" timestamp="1341335095346">
	<sources>
		<source>C:/Users/rwatson/Documents/Projects/billpay/src</source>
	</sources>
	<packages>
		<package name="com.extensiblejava.audit.audit1" line-rate="1.0" branch-rate="1.0" complexity="1.0">
			<classes>
				<class name="com.extensiblejava.audit.audit1.AuditFacade1" filename="com/extensiblejava/audit/audit1/AuditFacade1.java" line-rate="1.0" branch-rate="1.0" complexity="1.0">
					<methods>
						<method name="&lt;init&gt;" signature="()V" line-rate="1.0" branch-rate="1.0">
							<lines>
								<line number="6" hits="1" branch="false"/>
							</lines>
						</method>
						<method name="audit" signature="(Lcom/extensiblejava/audit/Auditable;)Ljava/math/BigDecimal;" line-rate="1.0" branch-rate="1.0">
							<lines>
								<line number="8" hits="1" branch="false"/>
								<line number="9" hits="1" branch="false"/>
								<line number="10" hits="1" branch="false"/>
							</lines>
						</method>
					</methods>
					<lines>
						<line number="6" hits="1" branch="false"/>
						<line number="8" hits="1" branch="false"/>
						<line number="9" hits="1" branch="false"/>
						<line number="10" hits="1" branch="false"/>
					</lines>
				</class>
			</classes>
		</package>
	</packages>
</coverage>
